Build output check failed:
    Regex: 'command[- ]line option .* is valid for .* but not for C'
    Output line: 'cc1: warning: command-line option ‘-Wnon-virtual-dtor’ is valid for C++/ObjC++ but not for C'
Compilation failed:
    source file: '/home/jimmy/Documents/UNR/project/senior_project_37/opencv-4.7.0/build/CMakeFiles/CMakeTmp/src.c'
    check option: ' -fsigned-char -W -Wall -Wreturn-type  -Wnon-virtual-dtor'
===== BUILD LOG =====
Change Dir: /home/jimmy/Documents/UNR/project/senior_project_37/opencv-4.7.0/build/CMakeFiles/CMakeTmp

Run Build Command(s):/usr/bin/gmake -f Makefile cmTC_749e4/fast && /usr/bin/gmake  -f CMakeFiles/cmTC_749e4.dir/build.make CMakeFiles/cmTC_749e4.dir/build
gmake[1]: Entering directory '/home/jimmy/Documents/UNR/project/senior_project_37/opencv-4.7.0/build/CMakeFiles/CMakeTmp'
Building C object CMakeFiles/cmTC_749e4.dir/src.c.o
/usr/bin/cc   -O3 -DNDEBUG -fPIE    -fsigned-char -W -Wall -Wreturn-type  -Wnon-virtual-dtor -o CMakeFiles/cmTC_749e4.dir/src.c.o -c /home/jimmy/Documents/UNR/project/senior_project_37/opencv-4.7.0/build/CMakeFiles/CMakeTmp/src.c
cc1: warning: command-line option ‘-Wnon-virtual-dtor’ is valid for C++/ObjC++ but not for C
/home/jimmy/Documents/UNR/project/senior_project_37/opencv-4.7.0/build/CMakeFiles/CMakeTmp/src.c:1: warning: ignoring ‘#pragma  ’ [-Wunknown-pragmas]
    1 | #pragma
      | 
Linking C executable cmTC_749e4
/usr/bin/cmake -E cmake_link_script CMakeFiles/cmTC_749e4.dir/link.txt --verbose=1
/usr/bin/cc -O3 -DNDEBUG CMakeFiles/cmTC_749e4.dir/src.c.o -o cmTC_749e4 
gmake[1]: Leaving directory '/home/jimmy/Documents/UNR/project/senior_project_37/opencv-4.7.0/build/CMakeFiles/CMakeTmp'


===== END =====

Build output check failed:
    Regex: 'command[- ]line option .* is valid for .* but not for C\+\+'
    Output line: 'cc1plus: warning: command-line option ‘-Wmissing-prototypes’ is valid for C/ObjC but not for C++'
Compilation failed:
    source file: '/home/jimmy/Documents/UNR/project/senior_project_37/opencv-4.7.0/build/CMakeFiles/CMakeTmp/src.cxx'
    check option: ' -fsigned-char -W -Wall -Wreturn-type -Wnon-virtual-dtor -Waddress -Wsequence-point -Wformat -Wformat-security -Wmissing-declarations  -Wmissing-prototypes'
===== BUILD LOG =====
Change Dir: /home/jimmy/Documents/UNR/project/senior_project_37/opencv-4.7.0/build/CMakeFiles/CMakeTmp

Run Build Command(s):/usr/bin/gmake -f Makefile cmTC_42f0d/fast && /usr/bin/gmake  -f CMakeFiles/cmTC_42f0d.dir/build.make CMakeFiles/cmTC_42f0d.dir/build
gmake[1]: Entering directory '/home/jimmy/Documents/UNR/project/senior_project_37/opencv-4.7.0/build/CMakeFiles/CMakeTmp'
Building CXX object CMakeFiles/cmTC_42f0d.dir/src.cxx.o
/usr/bin/c++   -O3 -DNDEBUG -fPIE    -fsigned-char -W -Wall -Wreturn-type -Wnon-virtual-dtor -Waddress -Wsequence-point -Wformat -Wformat-security -Wmissing-declarations  -Wmissing-prototypes -std=c++11 -o CMakeFiles/cmTC_42f0d.dir/src.cxx.o -c /home/jimmy/Documents/UNR/project/senior_project_37/opencv-4.7.0/build/CMakeFiles/CMakeTmp/src.cxx
cc1plus: warning: command-line option ‘-Wmissing-prototypes’ is valid for C/ObjC but not for C++
/home/jimmy/Documents/UNR/project/senior_project_37/opencv-4.7.0/build/CMakeFiles/CMakeTmp/src.cxx:1: warning: ignoring ‘#pragma  ’ [-Wunknown-pragmas]
    1 | #pragma
      | 
Linking CXX executable cmTC_42f0d
/usr/bin/cmake -E cmake_link_script CMakeFiles/cmTC_42f0d.dir/link.txt --verbose=1
/usr/bin/c++ -O3 -DNDEBUG CMakeFiles/cmTC_42f0d.dir/src.cxx.o -o cmTC_42f0d 
gmake[1]: Leaving directory '/home/jimmy/Documents/UNR/project/senior_project_37/opencv-4.7.0/build/CMakeFiles/CMakeTmp'


===== END =====

Build output check failed:
    Regex: 'command[- ]line option .* is valid for .* but not for C\+\+'
    Output line: 'cc1plus: warning: command-line option ‘-Wstrict-prototypes’ is valid for C/ObjC but not for C++'
Compilation failed:
    source file: '/home/jimmy/Documents/UNR/project/senior_project_37/opencv-4.7.0/build/CMakeFiles/CMakeTmp/src.cxx'
    check option: ' -fsigned-char -W -Wall -Wreturn-type -Wnon-virtual-dtor -Waddress -Wsequence-point -Wformat -Wformat-security -Wmissing-declarations  -Wstrict-prototypes'
===== BUILD LOG =====
Change Dir: /home/jimmy/Documents/UNR/project/senior_project_37/opencv-4.7.0/build/CMakeFiles/CMakeTmp

Run Build Command(s):/usr/bin/gmake -f Makefile cmTC_5b3b1/fast && /usr/bin/gmake  -f CMakeFiles/cmTC_5b3b1.dir/build.make CMakeFiles/cmTC_5b3b1.dir/build
gmake[1]: Entering directory '/home/jimmy/Documents/UNR/project/senior_project_37/opencv-4.7.0/build/CMakeFiles/CMakeTmp'
Building CXX object CMakeFiles/cmTC_5b3b1.dir/src.cxx.o
/usr/bin/c++   -O3 -DNDEBUG -fPIE    -fsigned-char -W -Wall -Wreturn-type -Wnon-virtual-dtor -Waddress -Wsequence-point -Wformat -Wformat-security -Wmissing-declarations  -Wstrict-prototypes -std=c++11 -o CMakeFiles/cmTC_5b3b1.dir/src.cxx.o -c /home/jimmy/Documents/UNR/project/senior_project_37/opencv-4.7.0/build/CMakeFiles/CMakeTmp/src.cxx
cc1plus: warning: command-line option ‘-Wstrict-prototypes’ is valid for C/ObjC but not for C++
/home/jimmy/Documents/UNR/project/senior_project_37/opencv-4.7.0/build/CMakeFiles/CMakeTmp/src.cxx:1: warning: ignoring ‘#pragma  ’ [-Wunknown-pragmas]
    1 | #pragma
      | 
Linking CXX executable cmTC_5b3b1
/usr/bin/cmake -E cmake_link_script CMakeFiles/cmTC_5b3b1.dir/link.txt --verbose=1
/usr/bin/c++ -O3 -DNDEBUG CMakeFiles/cmTC_5b3b1.dir/src.cxx.o -o cmTC_5b3b1 
gmake[1]: Leaving directory '/home/jimmy/Documents/UNR/project/senior_project_37/opencv-4.7.0/build/CMakeFiles/CMakeTmp'


===== END =====

Build output check failed:
    Regex: 'command[- ]line option .* is valid for .* but not for C'
    Output line: 'cc1: warning: command-line option ‘-Wsign-promo’ is valid for C++/ObjC++ but not for C'
Compilation failed:
    source file: '/home/jimmy/Documents/UNR/project/senior_project_37/opencv-4.7.0/build/CMakeFiles/CMakeTmp/src.c'
    check option: ' -fsigned-char -W -Wall -Wreturn-type -Waddress -Wsequence-point -Wformat -Wformat-security -Wmissing-declarations -Wmissing-prototypes -Wstrict-prototypes -Wundef -Winit-self -Wpointer-arith -Wshadow  -Wsign-promo'
===== BUILD LOG =====
Change Dir: /home/jimmy/Documents/UNR/project/senior_project_37/opencv-4.7.0/build/CMakeFiles/CMakeTmp

Run Build Command(s):/usr/bin/gmake -f Makefile cmTC_70405/fast && /usr/bin/gmake  -f CMakeFiles/cmTC_70405.dir/build.make CMakeFiles/cmTC_70405.dir/build
gmake[1]: Entering directory '/home/jimmy/Documents/UNR/project/senior_project_37/opencv-4.7.0/build/CMakeFiles/CMakeTmp'
Building C object CMakeFiles/cmTC_70405.dir/src.c.o
/usr/bin/cc   -O3 -DNDEBUG -fPIE    -fsigned-char -W -Wall -Wreturn-type -Waddress -Wsequence-point -Wformat -Wformat-security -Wmissing-declarations -Wmissing-prototypes -Wstrict-prototypes -Wundef -Winit-self -Wpointer-arith -Wshadow  -Wsign-promo -o CMakeFiles/cmTC_70405.dir/src.c.o -c /home/jimmy/Documents/UNR/project/senior_project_37/opencv-4.7.0/build/CMakeFiles/CMakeTmp/src.c
cc1: warning: command-line option ‘-Wsign-promo’ is valid for C++/ObjC++ but not for C
/home/jimmy/Documents/UNR/project/senior_project_37/opencv-4.7.0/build/CMakeFiles/CMakeTmp/src.c:1: warning: ignoring ‘#pragma  ’ [-Wunknown-pragmas]
    1 | #pragma
      | 
Linking C executable cmTC_70405
/usr/bin/cmake -E cmake_link_script CMakeFiles/cmTC_70405.dir/link.txt --verbose=1
/usr/bin/cc -O3 -DNDEBUG CMakeFiles/cmTC_70405.dir/src.c.o -o cmTC_70405 
gmake[1]: Leaving directory '/home/jimmy/Documents/UNR/project/senior_project_37/opencv-4.7.0/build/CMakeFiles/CMakeTmp'


===== END =====

Build output check failed:
    Regex: 'command[- ]line option .* is valid for .* but not for C'
    Output line: 'cc1: warning: command-line option ‘-Wsuggest-override’ is valid for C++/ObjC++ but not for C'
Compilation failed:
    source file: '/home/jimmy/Documents/UNR/project/senior_project_37/opencv-4.7.0/build/CMakeFiles/CMakeTmp/src.c'
    check option: ' -fsigned-char -W -Wall -Wreturn-type -Waddress -Wsequence-point -Wformat -Wformat-security -Wmissing-declarations -Wmissing-prototypes -Wstrict-prototypes -Wundef -Winit-self -Wpointer-arith -Wshadow -Wuninitialized  -Wsuggest-override'
===== BUILD LOG =====
Change Dir: /home/jimmy/Documents/UNR/project/senior_project_37/opencv-4.7.0/build/CMakeFiles/CMakeTmp

Run Build Command(s):/usr/bin/gmake -f Makefile cmTC_a1766/fast && /usr/bin/gmake  -f CMakeFiles/cmTC_a1766.dir/build.make CMakeFiles/cmTC_a1766.dir/build
gmake[1]: Entering directory '/home/jimmy/Documents/UNR/project/senior_project_37/opencv-4.7.0/build/CMakeFiles/CMakeTmp'
Building C object CMakeFiles/cmTC_a1766.dir/src.c.o
/usr/bin/cc   -O3 -DNDEBUG -fPIE    -fsigned-char -W -Wall -Wreturn-type -Waddress -Wsequence-point -Wformat -Wformat-security -Wmissing-declarations -Wmissing-prototypes -Wstrict-prototypes -Wundef -Winit-self -Wpointer-arith -Wshadow -Wuninitialized  -Wsuggest-override -o CMakeFiles/cmTC_a1766.dir/src.c.o -c /home/jimmy/Documents/UNR/project/senior_project_37/opencv-4.7.0/build/CMakeFiles/CMakeTmp/src.c
cc1: warning: command-line option ‘-Wsuggest-override’ is valid for C++/ObjC++ but not for C
/home/jimmy/Documents/UNR/project/senior_project_37/opencv-4.7.0/build/CMakeFiles/CMakeTmp/src.c:1: warning: ignoring ‘#pragma  ’ [-Wunknown-pragmas]
    1 | #pragma
      | 
Linking C executable cmTC_a1766
/usr/bin/cmake -E cmake_link_script CMakeFiles/cmTC_a1766.dir/link.txt --verbose=1
/usr/bin/cc -O3 -DNDEBUG CMakeFiles/cmTC_a1766.dir/src.c.o -o cmTC_a1766 
gmake[1]: Leaving directory '/home/jimmy/Documents/UNR/project/senior_project_37/opencv-4.7.0/build/CMakeFiles/CMakeTmp'


===== END =====

Build output check failed:
    Regex: 'command[- ]line option .* is valid for .* but not for C'
    Output line: 'cc1: warning: command-line option ‘-Wno-delete-non-virtual-dtor’ is valid for C++/ObjC++ but not for C'
Compilation failed:
    source file: '/home/jimmy/Documents/UNR/project/senior_project_37/opencv-4.7.0/build/CMakeFiles/CMakeTmp/src.c'
    check option: ' -fsigned-char -W -Wall -Wreturn-type -Waddress -Wsequence-point -Wformat -Wformat-security -Wmissing-declarations -Wmissing-prototypes -Wstrict-prototypes -Wundef -Winit-self -Wpointer-arith -Wshadow -Wuninitialized  -Wno-delete-non-virtual-dtor'
===== BUILD LOG =====
Change Dir: /home/jimmy/Documents/UNR/project/senior_project_37/opencv-4.7.0/build/CMakeFiles/CMakeTmp

Run Build Command(s):/usr/bin/gmake -f Makefile cmTC_ef3f8/fast && /usr/bin/gmake  -f CMakeFiles/cmTC_ef3f8.dir/build.make CMakeFiles/cmTC_ef3f8.dir/build
gmake[1]: Entering directory '/home/jimmy/Documents/UNR/project/senior_project_37/opencv-4.7.0/build/CMakeFiles/CMakeTmp'
Building C object CMakeFiles/cmTC_ef3f8.dir/src.c.o
/usr/bin/cc   -O3 -DNDEBUG -fPIE    -fsigned-char -W -Wall -Wreturn-type -Waddress -Wsequence-point -Wformat -Wformat-security -Wmissing-declarations -Wmissing-prototypes -Wstrict-prototypes -Wundef -Winit-self -Wpointer-arith -Wshadow -Wuninitialized  -Wno-delete-non-virtual-dtor -o CMakeFiles/cmTC_ef3f8.dir/src.c.o -c /home/jimmy/Documents/UNR/project/senior_project_37/opencv-4.7.0/build/CMakeFiles/CMakeTmp/src.c
cc1: warning: command-line option ‘-Wno-delete-non-virtual-dtor’ is valid for C++/ObjC++ but not for C
/home/jimmy/Documents/UNR/project/senior_project_37/opencv-4.7.0/build/CMakeFiles/CMakeTmp/src.c:1: warning: ignoring ‘#pragma  ’ [-Wunknown-pragmas]
    1 | #pragma
      | 
Linking C executable cmTC_ef3f8
/usr/bin/cmake -E cmake_link_script CMakeFiles/cmTC_ef3f8.dir/link.txt --verbose=1
/usr/bin/cc -O3 -DNDEBUG CMakeFiles/cmTC_ef3f8.dir/src.c.o -o cmTC_ef3f8 
gmake[1]: Leaving directory '/home/jimmy/Documents/UNR/project/senior_project_37/opencv-4.7.0/build/CMakeFiles/CMakeTmp'


===== END =====

Build output check failed:
    Regex: 'unrecognized .*option'
    Output line: 'cc1plus: note: unrecognized command-line option ‘-Wno-unnamed-type-template-args’ may have been intended to silence earlier diagnostics'
Compilation failed:
    source file: '/home/jimmy/Documents/UNR/project/senior_project_37/opencv-4.7.0/build/CMakeFiles/CMakeTmp/src.cxx'
    check option: ' -fsigned-char -W -Wall -Wreturn-type -Wnon-virtual-dtor -Waddress -Wsequence-point -Wformat -Wformat-security -Wmissing-declarations -Wundef -Winit-self -Wpointer-arith -Wshadow -Wsign-promo -Wuninitialized -Wsuggest-override -Wno-delete-non-virtual-dtor  -Wno-unnamed-type-template-args'
===== BUILD LOG =====
Change Dir: /home/jimmy/Documents/UNR/project/senior_project_37/opencv-4.7.0/build/CMakeFiles/CMakeTmp

Run Build Command(s):/usr/bin/gmake -f Makefile cmTC_a7800/fast && /usr/bin/gmake  -f CMakeFiles/cmTC_a7800.dir/build.make CMakeFiles/cmTC_a7800.dir/build
gmake[1]: Entering directory '/home/jimmy/Documents/UNR/project/senior_project_37/opencv-4.7.0/build/CMakeFiles/CMakeTmp'
Building CXX object CMakeFiles/cmTC_a7800.dir/src.cxx.o
/usr/bin/c++   -O3 -DNDEBUG -fPIE    -fsigned-char -W -Wall -Wreturn-type -Wnon-virtual-dtor -Waddress -Wsequence-point -Wformat -Wformat-security -Wmissing-declarations -Wundef -Winit-self -Wpointer-arith -Wshadow -Wsign-promo -Wuninitialized -Wsuggest-override -Wno-delete-non-virtual-dtor  -Wno-unnamed-type-template-args -std=c++11 -o CMakeFiles/cmTC_a7800.dir/src.cxx.o -c /home/jimmy/Documents/UNR/project/senior_project_37/opencv-4.7.0/build/CMakeFiles/CMakeTmp/src.cxx
/home/jimmy/Documents/UNR/project/senior_project_37/opencv-4.7.0/build/CMakeFiles/CMakeTmp/src.cxx:1: warning: ignoring ‘#pragma  ’ [-Wunknown-pragmas]
    1 | #pragma
      | 
cc1plus: note: unrecognized command-line option ‘-Wno-unnamed-type-template-args’ may have been intended to silence earlier diagnostics
Linking CXX executable cmTC_a7800
/usr/bin/cmake -E cmake_link_script CMakeFiles/cmTC_a7800.dir/link.txt --verbose=1
/usr/bin/c++ -O3 -DNDEBUG CMakeFiles/cmTC_a7800.dir/src.cxx.o -o cmTC_a7800 
gmake[1]: Leaving directory '/home/jimmy/Documents/UNR/project/senior_project_37/opencv-4.7.0/build/CMakeFiles/CMakeTmp'


===== END =====

Build output check failed:
    Regex: 'unrecognized .*option'
    Output line: 'cc1: note: unrecognized command-line option ‘-Wno-unnamed-type-template-args’ may have been intended to silence earlier diagnostics'
Compilation failed:
    source file: '/home/jimmy/Documents/UNR/project/senior_project_37/opencv-4.7.0/build/CMakeFiles/CMakeTmp/src.c'
    check option: ' -fsigned-char -W -Wall -Wreturn-type -Waddress -Wsequence-point -Wformat -Wformat-security -Wmissing-declarations -Wmissing-prototypes -Wstrict-prototypes -Wundef -Winit-self -Wpointer-arith -Wshadow -Wuninitialized  -Wno-unnamed-type-template-args'
===== BUILD LOG =====
Change Dir: /home/jimmy/Documents/UNR/project/senior_project_37/opencv-4.7.0/build/CMakeFiles/CMakeTmp

Run Build Command(s):/usr/bin/gmake -f Makefile cmTC_c8923/fast && /usr/bin/gmake  -f CMakeFiles/cmTC_c8923.dir/build.make CMakeFiles/cmTC_c8923.dir/build
gmake[1]: Entering directory '/home/jimmy/Documents/UNR/project/senior_project_37/opencv-4.7.0/build/CMakeFiles/CMakeTmp'
Building C object CMakeFiles/cmTC_c8923.dir/src.c.o
/usr/bin/cc   -O3 -DNDEBUG -fPIE    -fsigned-char -W -Wall -Wreturn-type -Waddress -Wsequence-point -Wformat -Wformat-security -Wmissing-declarations -Wmissing-prototypes -Wstrict-prototypes -Wundef -Winit-self -Wpointer-arith -Wshadow -Wuninitialized  -Wno-unnamed-type-template-args -o CMakeFiles/cmTC_c8923.dir/src.c.o -c /home/jimmy/Documents/UNR/project/senior_project_37/opencv-4.7.0/build/CMakeFiles/CMakeTmp/src.c
/home/jimmy/Documents/UNR/project/senior_project_37/opencv-4.7.0/build/CMakeFiles/CMakeTmp/src.c:1: warning: ignoring ‘#pragma  ’ [-Wunknown-pragmas]
    1 | #pragma
      | 
cc1: note: unrecognized command-line option ‘-Wno-unnamed-type-template-args’ may have been intended to silence earlier diagnostics
Linking C executable cmTC_c8923
/usr/bin/cmake -E cmake_link_script CMakeFiles/cmTC_c8923.dir/link.txt --verbose=1
/usr/bin/cc -O3 -DNDEBUG CMakeFiles/cmTC_c8923.dir/src.c.o -o cmTC_c8923 
gmake[1]: Leaving directory '/home/jimmy/Documents/UNR/project/senior_project_37/opencv-4.7.0/build/CMakeFiles/CMakeTmp'


===== END =====

Build output check failed:
    Regex: 'command[- ]line option .* is valid for .* but not for C'
    Output line: 'cc1: warning: command-line option ‘-fvisibility-inlines-hidden’ is valid for C++/ObjC++ but not for C'
Compilation failed:
    source file: '/home/jimmy/Documents/UNR/project/senior_project_37/opencv-4.7.0/build/CMakeFiles/CMakeTmp/src.c'
    check option: ' -fsigned-char -W -Wall -Wreturn-type -Waddress -Wsequence-point -Wformat -Wformat-security -Wmissing-declarations -Wmissing-prototypes -Wstrict-prototypes -Wundef -Winit-self -Wpointer-arith -Wshadow -Wuninitialized -Wno-comment -Wimplicit-fallthrough=3 -Wno-strict-overflow -fdiagnostics-show-option -Wno-long-long -pthread -fomit-frame-pointer -ffunction-sections -fdata-sections  -msse -msse2 -msse3 -fvisibility=hidden  -fvisibility-inlines-hidden'
===== BUILD LOG =====
Change Dir: /home/jimmy/Documents/UNR/project/senior_project_37/opencv-4.7.0/build/CMakeFiles/CMakeTmp

Run Build Command(s):/usr/bin/gmake -f Makefile cmTC_cb2ca/fast && /usr/bin/gmake  -f CMakeFiles/cmTC_cb2ca.dir/build.make CMakeFiles/cmTC_cb2ca.dir/build
gmake[1]: Entering directory '/home/jimmy/Documents/UNR/project/senior_project_37/opencv-4.7.0/build/CMakeFiles/CMakeTmp'
Building C object CMakeFiles/cmTC_cb2ca.dir/src.c.o
/usr/bin/cc   -O3 -DNDEBUG -fPIE    -fsigned-char -W -Wall -Wreturn-type -Waddress -Wsequence-point -Wformat -Wformat-security -Wmissing-declarations -Wmissing-prototypes -Wstrict-prototypes -Wundef -Winit-self -Wpointer-arith -Wshadow -Wuninitialized -Wno-comment -Wimplicit-fallthrough=3 -Wno-strict-overflow -fdiagnostics-show-option -Wno-long-long -pthread -fomit-frame-pointer -ffunction-sections -fdata-sections  -msse -msse2 -msse3 -fvisibility=hidden  -fvisibility-inlines-hidden -o CMakeFiles/cmTC_cb2ca.dir/src.c.o -c /home/jimmy/Documents/UNR/project/senior_project_37/opencv-4.7.0/build/CMakeFiles/CMakeTmp/src.c
cc1: warning: command-line option ‘-fvisibility-inlines-hidden’ is valid for C++/ObjC++ but not for C
/home/jimmy/Documents/UNR/project/senior_project_37/opencv-4.7.0/build/CMakeFiles/CMakeTmp/src.c:1: warning: ignoring ‘#pragma  ’ [-Wunknown-pragmas]
    1 | #pragma
      | 
Linking C executable cmTC_cb2ca
/usr/bin/cmake -E cmake_link_script CMakeFiles/cmTC_cb2ca.dir/link.txt --verbose=1
/usr/bin/cc -O3 -DNDEBUG CMakeFiles/cmTC_cb2ca.dir/src.c.o -o cmTC_cb2ca 
gmake[1]: Leaving directory '/home/jimmy/Documents/UNR/project/senior_project_37/opencv-4.7.0/build/CMakeFiles/CMakeTmp'


===== END =====

Determining if the function sgemm_ exists failed with the following output:
Change Dir: /home/jimmy/Documents/UNR/project/senior_project_37/opencv-4.7.0/build/CMakeFiles/CMakeTmp

Run Build Command(s):/usr/bin/gmake -f Makefile cmTC_82987/fast && /usr/bin/gmake  -f CMakeFiles/cmTC_82987.dir/build.make CMakeFiles/cmTC_82987.dir/build
gmake[1]: Entering directory '/home/jimmy/Documents/UNR/project/senior_project_37/opencv-4.7.0/build/CMakeFiles/CMakeTmp'
Building C object CMakeFiles/cmTC_82987.dir/CheckFunctionExists.c.o
/usr/bin/cc   -fsigned-char -W -Wall -Wreturn-type -Waddress -Wsequence-point -Wformat -Wformat-security -Wmissing-declarations -Wmissing-prototypes -Wstrict-prototypes -Wundef -Winit-self -Wpointer-arith -Wshadow -Wuninitialized -Wno-comment -Wimplicit-fallthrough=3 -Wno-strict-overflow -fdiagnostics-show-option -Wno-long-long -pthread -fomit-frame-pointer -ffunction-sections -fdata-sections  -msse -msse2 -msse3 -fvisibility=hidden -DCHECK_FUNCTION_EXISTS=sgemm_ -O3 -DNDEBUG  -DNDEBUG -fPIE -o CMakeFiles/cmTC_82987.dir/CheckFunctionExists.c.o -c /usr/share/cmake-3.22/Modules/CheckFunctionExists.c
Linking C executable cmTC_82987
/usr/bin/cmake -E cmake_link_script CMakeFiles/cmTC_82987.dir/link.txt --verbose=1
/usr/bin/cc    -fsigned-char -W -Wall -Wreturn-type -Waddress -Wsequence-point -Wformat -Wformat-security -Wmissing-declarations -Wmissing-prototypes -Wstrict-prototypes -Wundef -Winit-self -Wpointer-arith -Wshadow -Wuninitialized -Wno-comment -Wimplicit-fallthrough=3 -Wno-strict-overflow -fdiagnostics-show-option -Wno-long-long -pthread -fomit-frame-pointer -ffunction-sections -fdata-sections  -msse -msse2 -msse3 -fvisibility=hidden -DCHECK_FUNCTION_EXISTS=sgemm_ -O3 -DNDEBUG  -DNDEBUG   -Wl,--gc-sections -Wl,--as-needed -Wl,--no-undefined  CMakeFiles/cmTC_82987.dir/CheckFunctionExists.c.o -o cmTC_82987 
/usr/bin/ld: CMakeFiles/cmTC_82987.dir/CheckFunctionExists.c.o: in function `main':
CheckFunctionExists.c:(.text.startup.main+0x10): undefined reference to `sgemm_'
collect2: error: ld returned 1 exit status
gmake[1]: *** [CMakeFiles/cmTC_82987.dir/build.make:99: cmTC_82987] Error 1
gmake[1]: Leaving directory '/home/jimmy/Documents/UNR/project/senior_project_37/opencv-4.7.0/build/CMakeFiles/CMakeTmp'
gmake: *** [Makefile:127: cmTC_82987/fast] Error 2



Build output check failed:
    Regex: 'command[- ]line option .* is valid for .* but not for C\+\+'
    Output line: 'cc1plus: warning: command-line option ‘-Wno-missing-prototypes’ is valid for C/ObjC but not for C++'
Compilation failed:
    source file: '/home/jimmy/Documents/UNR/project/senior_project_37/opencv-4.7.0/build/CMakeFiles/CMakeTmp/src.cxx'
    check option: ' -Wno-missing-prototypes'
===== BUILD LOG =====
Change Dir: /home/jimmy/Documents/UNR/project/senior_project_37/opencv-4.7.0/build/CMakeFiles/CMakeTmp

Run Build Command(s):/usr/bin/gmake -f Makefile cmTC_48219/fast && /usr/bin/gmake  -f CMakeFiles/cmTC_48219.dir/build.make CMakeFiles/cmTC_48219.dir/build
gmake[1]: Entering directory '/home/jimmy/Documents/UNR/project/senior_project_37/opencv-4.7.0/build/CMakeFiles/CMakeTmp'
Building CXX object CMakeFiles/cmTC_48219.dir/src.cxx.o
/usr/bin/c++   -fsigned-char -W -Wall -Wreturn-type -Wnon-virtual-dtor -Waddress -Wsequence-point -Wformat -Wformat-security -Wmissing-declarations -Wundef -Winit-self -Wpointer-arith -Wshadow -Wsign-promo -Wuninitialized -Wsuggest-override -Wno-delete-non-virtual-dtor -Wno-comment -Wimplicit-fallthrough=3 -Wno-strict-overflow -fdiagnostics-show-option -Wno-long-long -pthread -fomit-frame-pointer -ffunction-sections -fdata-sections  -msse -msse2 -msse3 -fvisibility=hidden -fvisibility-inlines-hidden -Wno-deprecated  -O3 -DNDEBUG  -DNDEBUG -fPIE    -Wno-missing-prototypes -std=c++11 -o CMakeFiles/cmTC_48219.dir/src.cxx.o -c /home/jimmy/Documents/UNR/project/senior_project_37/opencv-4.7.0/build/CMakeFiles/CMakeTmp/src.cxx
cc1plus: warning: command-line option ‘-Wno-missing-prototypes’ is valid for C/ObjC but not for C++
/home/jimmy/Documents/UNR/project/senior_project_37/opencv-4.7.0/build/CMakeFiles/CMakeTmp/src.cxx:1: warning: ignoring ‘#pragma  ’ [-Wunknown-pragmas]
    1 | #pragma
      | 
Linking CXX executable cmTC_48219
/usr/bin/cmake -E cmake_link_script CMakeFiles/cmTC_48219.dir/link.txt --verbose=1
/usr/bin/c++    -fsigned-char -W -Wall -Wreturn-type -Wnon-virtual-dtor -Waddress -Wsequence-point -Wformat -Wformat-security -Wmissing-declarations -Wundef -Winit-self -Wpointer-arith -Wshadow -Wsign-promo -Wuninitialized -Wsuggest-override -Wno-delete-non-virtual-dtor -Wno-comment -Wimplicit-fallthrough=3 -Wno-strict-overflow -fdiagnostics-show-option -Wno-long-long -pthread -fomit-frame-pointer -ffunction-sections -fdata-sections  -msse -msse2 -msse3 -fvisibility=hidden -fvisibility-inlines-hidden -Wno-deprecated  -O3 -DNDEBUG  -DNDEBUG   -Wl,--gc-sections -Wl,--as-needed -Wl,--no-undefined  CMakeFiles/cmTC_48219.dir/src.cxx.o -o cmTC_48219 
gmake[1]: Leaving directory '/home/jimmy/Documents/UNR/project/senior_project_37/opencv-4.7.0/build/CMakeFiles/CMakeTmp'


===== END =====

Build output check failed:
    Regex: 'unrecognized .*option'
    Output line: 'cc1plus: note: unrecognized command-line option ‘-Wno-tautological-undefined-compare’ may have been intended to silence earlier diagnostics'
Compilation failed:
    source file: '/home/jimmy/Documents/UNR/project/senior_project_37/opencv-4.7.0/build/CMakeFiles/CMakeTmp/src.cxx'
    check option: ' -Wno-tautological-undefined-compare'
===== BUILD LOG =====
Change Dir: /home/jimmy/Documents/UNR/project/senior_project_37/opencv-4.7.0/build/CMakeFiles/CMakeTmp

Run Build Command(s):/usr/bin/gmake -f Makefile cmTC_f24b0/fast && /usr/bin/gmake  -f CMakeFiles/cmTC_f24b0.dir/build.make CMakeFiles/cmTC_f24b0.dir/build
gmake[1]: Entering directory '/home/jimmy/Documents/UNR/project/senior_project_37/opencv-4.7.0/build/CMakeFiles/CMakeTmp'
Building CXX object CMakeFiles/cmTC_f24b0.dir/src.cxx.o
/usr/bin/c++   -fsigned-char -W -Wall -Wreturn-type -Wnon-virtual-dtor -Waddress -Wsequence-point -Wformat -Wformat-security -Winit-self -Wpointer-arith -Wuninitialized -Wsuggest-override -Wno-delete-non-virtual-dtor -Wno-comment -Wimplicit-fallthrough=3 -Wno-strict-overflow -fdiagnostics-show-option -Wno-long-long -pthread -fomit-frame-pointer -ffunction-sections -fdata-sections  -msse -msse2 -msse3 -fvisibility=hidden -fvisibility-inlines-hidden -Wno-deprecated -Wno-missing-declarations -Wno-shadow -Wno-unused-parameter -Wno-unused-local-typedefs -Wno-sign-compare -Wno-sign-promo -Wno-undef  -O3 -DNDEBUG  -DNDEBUG -fPIE    -Wno-tautological-undefined-compare -std=c++11 -o CMakeFiles/cmTC_f24b0.dir/src.cxx.o -c /home/jimmy/Documents/UNR/project/senior_project_37/opencv-4.7.0/build/CMakeFiles/CMakeTmp/src.cxx
/home/jimmy/Documents/UNR/project/senior_project_37/opencv-4.7.0/build/CMakeFiles/CMakeTmp/src.cxx:1: warning: ignoring ‘#pragma  ’ [-Wunknown-pragmas]
    1 | #pragma
      | 
cc1plus: note: unrecognized command-line option ‘-Wno-tautological-undefined-compare’ may have been intended to silence earlier diagnostics
Linking CXX executable cmTC_f24b0
/usr/bin/cmake -E cmake_link_script CMakeFiles/cmTC_f24b0.dir/link.txt --verbose=1
/usr/bin/c++    -fsigned-char -W -Wall -Wreturn-type -Wnon-virtual-dtor -Waddress -Wsequence-point -Wformat -Wformat-security -Winit-self -Wpointer-arith -Wuninitialized -Wsuggest-override -Wno-delete-non-virtual-dtor -Wno-comment -Wimplicit-fallthrough=3 -Wno-strict-overflow -fdiagnostics-show-option -Wno-long-long -pthread -fomit-frame-pointer -ffunction-sections -fdata-sections  -msse -msse2 -msse3 -fvisibility=hidden -fvisibility-inlines-hidden -Wno-deprecated -Wno-missing-declarations -Wno-shadow -Wno-unused-parameter -Wno-unused-local-typedefs -Wno-sign-compare -Wno-sign-promo -Wno-undef  -O3 -DNDEBUG  -DNDEBUG   -Wl,--gc-sections -Wl,--as-needed -Wl,--no-undefined  CMakeFiles/cmTC_f24b0.dir/src.cxx.o -o cmTC_f24b0 
gmake[1]: Leaving directory '/home/jimmy/Documents/UNR/project/senior_project_37/opencv-4.7.0/build/CMakeFiles/CMakeTmp'


===== END =====

Build output check failed:
    Regex: 'unrecognized .*option'
    Output line: 'cc1plus: note: unrecognized command-line option ‘-Wno-shorten-64-to-32’ may have been intended to silence earlier diagnostics'
Compilation failed:
    source file: '/home/jimmy/Documents/UNR/project/senior_project_37/opencv-4.7.0/build/CMakeFiles/CMakeTmp/src.cxx'
    check option: ' -Wno-shorten-64-to-32'
===== BUILD LOG =====
Change Dir: /home/jimmy/Documents/UNR/project/senior_project_37/opencv-4.7.0/build/CMakeFiles/CMakeTmp

Run Build Command(s):/usr/bin/gmake -f Makefile cmTC_7f80c/fast && /usr/bin/gmake  -f CMakeFiles/cmTC_7f80c.dir/build.make CMakeFiles/cmTC_7f80c.dir/build
gmake[1]: Entering directory '/home/jimmy/Documents/UNR/project/senior_project_37/opencv-4.7.0/build/CMakeFiles/CMakeTmp'
Building CXX object CMakeFiles/cmTC_7f80c.dir/src.cxx.o
/usr/bin/c++   -fsigned-char -W -Wall -Wreturn-type -Wnon-virtual-dtor -Waddress -Wsequence-point -Wformat -Wformat-security -Winit-self -Wpointer-arith -Wuninitialized -Wsuggest-override -Wno-delete-non-virtual-dtor -Wno-comment -Wimplicit-fallthrough=3 -Wno-strict-overflow -fdiagnostics-show-option -Wno-long-long -pthread -fomit-frame-pointer -ffunction-sections -fdata-sections  -msse -msse2 -msse3 -fvisibility=hidden -fvisibility-inlines-hidden -Wno-deprecated -Wno-missing-declarations -Wno-shadow -Wno-unused-parameter -Wno-unused-local-typedefs -Wno-sign-compare -Wno-sign-promo -Wno-undef -Wno-ignored-qualifiers -Wno-extra -Wno-unused-function -Wno-unused-const-variable  -O3 -DNDEBUG  -DNDEBUG -fPIE    -Wno-shorten-64-to-32 -std=c++11 -o CMakeFiles/cmTC_7f80c.dir/src.cxx.o -c /home/jimmy/Documents/UNR/project/senior_project_37/opencv-4.7.0/build/CMakeFiles/CMakeTmp/src.cxx
/home/jimmy/Documents/UNR/project/senior_project_37/opencv-4.7.0/build/CMakeFiles/CMakeTmp/src.cxx:1: warning: ignoring ‘#pragma  ’ [-Wunknown-pragmas]
    1 | #pragma
      | 
cc1plus: note: unrecognized command-line option ‘-Wno-shorten-64-to-32’ may have been intended to silence earlier diagnostics
Linking CXX executable cmTC_7f80c
/usr/bin/cmake -E cmake_link_script CMakeFiles/cmTC_7f80c.dir/link.txt --verbose=1
/usr/bin/c++    -fsigned-char -W -Wall -Wreturn-type -Wnon-virtual-dtor -Waddress -Wsequence-point -Wformat -Wformat-security -Winit-self -Wpointer-arith -Wuninitialized -Wsuggest-override -Wno-delete-non-virtual-dtor -Wno-comment -Wimplicit-fallthrough=3 -Wno-strict-overflow -fdiagnostics-show-option -Wno-long-long -pthread -fomit-frame-pointer -ffunction-sections -fdata-sections  -msse -msse2 -msse3 -fvisibility=hidden -fvisibility-inlines-hidden -Wno-deprecated -Wno-missing-declarations -Wno-shadow -Wno-unused-parameter -Wno-unused-local-typedefs -Wno-sign-compare -Wno-sign-promo -Wno-undef -Wno-ignored-qualifiers -Wno-extra -Wno-unused-function -Wno-unused-const-variable  -O3 -DNDEBUG  -DNDEBUG   -Wl,--gc-sections -Wl,--as-needed -Wl,--no-undefined  CMakeFiles/cmTC_7f80c.dir/src.cxx.o -o cmTC_7f80c 
gmake[1]: Leaving directory '/home/jimmy/Documents/UNR/project/senior_project_37/opencv-4.7.0/build/CMakeFiles/CMakeTmp'


===== END =====

Build output check failed:
    Regex: 'unrecognized .*option'
    Output line: 'cc1plus: note: unrecognized command-line option ‘-Wno-enum-compare-switch’ may have been intended to silence earlier diagnostics'
Compilation failed:
    source file: '/home/jimmy/Documents/UNR/project/senior_project_37/opencv-4.7.0/build/CMakeFiles/CMakeTmp/src.cxx'
    check option: ' -Wno-enum-compare-switch'
===== BUILD LOG =====
Change Dir: /home/jimmy/Documents/UNR/project/senior_project_37/opencv-4.7.0/build/CMakeFiles/CMakeTmp

Run Build Command(s):/usr/bin/gmake -f Makefile cmTC_56144/fast && /usr/bin/gmake  -f CMakeFiles/cmTC_56144.dir/build.make CMakeFiles/cmTC_56144.dir/build
gmake[1]: Entering directory '/home/jimmy/Documents/UNR/project/senior_project_37/opencv-4.7.0/build/CMakeFiles/CMakeTmp'
Building CXX object CMakeFiles/cmTC_56144.dir/src.cxx.o
/usr/bin/c++   -fsigned-char -W -Wall -Wreturn-type -Wnon-virtual-dtor -Waddress -Wsequence-point -Wformat -Wformat-security -Winit-self -Wpointer-arith -Wuninitialized -Wsuggest-override -Wno-delete-non-virtual-dtor -Wno-comment -Wimplicit-fallthrough=3 -Wno-strict-overflow -fdiagnostics-show-option -Wno-long-long -pthread -fomit-frame-pointer -ffunction-sections -fdata-sections  -msse -msse2 -msse3 -fvisibility=hidden -fvisibility-inlines-hidden -Wno-deprecated -Wno-missing-declarations -Wno-shadow -Wno-unused-parameter -Wno-unused-local-typedefs -Wno-sign-compare -Wno-sign-promo -Wno-undef -Wno-ignored-qualifiers -Wno-extra -Wno-unused-function -Wno-unused-const-variable -Wno-invalid-offsetof  -O3 -DNDEBUG  -DNDEBUG -fPIE    -Wno-enum-compare-switch -std=c++11 -o CMakeFiles/cmTC_56144.dir/src.cxx.o -c /home/jimmy/Documents/UNR/project/senior_project_37/opencv-4.7.0/build/CMakeFiles/CMakeTmp/src.cxx
/home/jimmy/Documents/UNR/project/senior_project_37/opencv-4.7.0/build/CMakeFiles/CMakeTmp/src.cxx:1: warning: ignoring ‘#pragma  ’ [-Wunknown-pragmas]
    1 | #pragma
      | 
cc1plus: note: unrecognized command-line option ‘-Wno-enum-compare-switch’ may have been intended to silence earlier diagnostics
Linking CXX executable cmTC_56144
/usr/bin/cmake -E cmake_link_script CMakeFiles/cmTC_56144.dir/link.txt --verbose=1
/usr/bin/c++    -fsigned-char -W -Wall -Wreturn-type -Wnon-virtual-dtor -Waddress -Wsequence-point -Wformat -Wformat-security -Winit-self -Wpointer-arith -Wuninitialized -Wsuggest-override -Wno-delete-non-virtual-dtor -Wno-comment -Wimplicit-fallthrough=3 -Wno-strict-overflow -fdiagnostics-show-option -Wno-long-long -pthread -fomit-frame-pointer -ffunction-sections -fdata-sections  -msse -msse2 -msse3 -fvisibility=hidden -fvisibility-inlines-hidden -Wno-deprecated -Wno-missing-declarations -Wno-shadow -Wno-unused-parameter -Wno-unused-local-typedefs -Wno-sign-compare -Wno-sign-promo -Wno-undef -Wno-ignored-qualifiers -Wno-extra -Wno-unused-function -Wno-unused-const-variable -Wno-invalid-offsetof  -O3 -DNDEBUG  -DNDEBUG   -Wl,--gc-sections -Wl,--as-needed -Wl,--no-undefined  CMakeFiles/cmTC_56144.dir/src.cxx.o -o cmTC_56144 
gmake[1]: Leaving directory '/home/jimmy/Documents/UNR/project/senior_project_37/opencv-4.7.0/build/CMakeFiles/CMakeTmp'


===== END =====

Build output check failed:
    Regex: 'unrecognized .*option'
    Output line: 'cc1plus: note: unrecognized command-line option ‘-Wno-inconsistent-missing-override’ may have been intended to silence earlier diagnostics'
Compilation failed:
    source file: '/home/jimmy/Documents/UNR/project/senior_project_37/opencv-4.7.0/build/CMakeFiles/CMakeTmp/src.cxx'
    check option: ' -Wno-inconsistent-missing-override'
===== BUILD LOG =====
Change Dir: /home/jimmy/Documents/UNR/project/senior_project_37/opencv-4.7.0/build/CMakeFiles/CMakeTmp

Run Build Command(s):/usr/bin/gmake -f Makefile cmTC_8fcba/fast && /usr/bin/gmake  -f CMakeFiles/cmTC_8fcba.dir/build.make CMakeFiles/cmTC_8fcba.dir/build
gmake[1]: Entering directory '/home/jimmy/Documents/UNR/project/senior_project_37/opencv-4.7.0/build/CMakeFiles/CMakeTmp'
Building CXX object CMakeFiles/cmTC_8fcba.dir/src.cxx.o
/usr/bin/c++   -fsigned-char -W -Wall -Wreturn-type -Wnon-virtual-dtor -Waddress -Wsequence-point -Wformat -Wformat-security -Winit-self -Wpointer-arith -Wuninitialized -Wno-delete-non-virtual-dtor -Wno-comment -Wimplicit-fallthrough=3 -Wno-strict-overflow -fdiagnostics-show-option -Wno-long-long -pthread -fomit-frame-pointer -ffunction-sections -fdata-sections  -msse -msse2 -msse3 -fvisibility=hidden -fvisibility-inlines-hidden -Wno-deprecated -Wno-missing-declarations -Wno-shadow -Wno-unused-parameter -Wno-unused-local-typedefs -Wno-sign-compare -Wno-sign-promo -Wno-undef -Wno-ignored-qualifiers -Wno-extra -Wno-unused-function -Wno-unused-const-variable -Wno-invalid-offsetof -Wno-suggest-override  -O3 -DNDEBUG  -DNDEBUG -fPIE    -Wno-inconsistent-missing-override -std=c++11 -o CMakeFiles/cmTC_8fcba.dir/src.cxx.o -c /home/jimmy/Documents/UNR/project/senior_project_37/opencv-4.7.0/build/CMakeFiles/CMakeTmp/src.cxx
/home/jimmy/Documents/UNR/project/senior_project_37/opencv-4.7.0/build/CMakeFiles/CMakeTmp/src.cxx:1: warning: ignoring ‘#pragma  ’ [-Wunknown-pragmas]
    1 | #pragma
      | 
cc1plus: note: unrecognized command-line option ‘-Wno-inconsistent-missing-override’ may have been intended to silence earlier diagnostics
Linking CXX executable cmTC_8fcba
/usr/bin/cmake -E cmake_link_script CMakeFiles/cmTC_8fcba.dir/link.txt --verbose=1
/usr/bin/c++    -fsigned-char -W -Wall -Wreturn-type -Wnon-virtual-dtor -Waddress -Wsequence-point -Wformat -Wformat-security -Winit-self -Wpointer-arith -Wuninitialized -Wno-delete-non-virtual-dtor -Wno-comment -Wimplicit-fallthrough=3 -Wno-strict-overflow -fdiagnostics-show-option -Wno-long-long -pthread -fomit-frame-pointer -ffunction-sections -fdata-sections  -msse -msse2 -msse3 -fvisibility=hidden -fvisibility-inlines-hidden -Wno-deprecated -Wno-missing-declarations -Wno-shadow -Wno-unused-parameter -Wno-unused-local-typedefs -Wno-sign-compare -Wno-sign-promo -Wno-undef -Wno-ignored-qualifiers -Wno-extra -Wno-unused-function -Wno-unused-const-variable -Wno-invalid-offsetof -Wno-suggest-override  -O3 -DNDEBUG  -DNDEBUG   -Wl,--gc-sections -Wl,--as-needed -Wl,--no-undefined  CMakeFiles/cmTC_8fcba.dir/src.cxx.o -o cmTC_8fcba 
gmake[1]: Leaving directory '/home/jimmy/Documents/UNR/project/senior_project_37/opencv-4.7.0/build/CMakeFiles/CMakeTmp'


===== END =====

Determining if the include file sys/videoio.h exists failed with the following output:
Change Dir: /home/jimmy/Documents/UNR/project/senior_project_37/opencv-4.7.0/build/CMakeFiles/CMakeTmp

Run Build Command(s):/usr/bin/gmake -f Makefile cmTC_8fe7d/fast && /usr/bin/gmake  -f CMakeFiles/cmTC_8fe7d.dir/build.make CMakeFiles/cmTC_8fe7d.dir/build
gmake[1]: Entering directory '/home/jimmy/Documents/UNR/project/senior_project_37/opencv-4.7.0/build/CMakeFiles/CMakeTmp'
Building C object CMakeFiles/cmTC_8fe7d.dir/CheckIncludeFile.c.o
/usr/bin/cc   -fsigned-char -W -Wall -Wreturn-type -Waddress -Wsequence-point -Wformat -Wformat-security -Wmissing-declarations -Wmissing-prototypes -Wstrict-prototypes -Wundef -Winit-self -Wpointer-arith -Wshadow -Wuninitialized -Wno-comment -Wimplicit-fallthrough=3 -Wno-strict-overflow -fdiagnostics-show-option -Wno-long-long -pthread -fomit-frame-pointer -ffunction-sections -fdata-sections  -msse -msse2 -msse3 -fvisibility=hidden  -O3 -DNDEBUG  -DNDEBUG -fPIE -o CMakeFiles/cmTC_8fe7d.dir/CheckIncludeFile.c.o -c /home/jimmy/Documents/UNR/project/senior_project_37/opencv-4.7.0/build/CMakeFiles/CMakeTmp/CheckIncludeFile.c
/home/jimmy/Documents/UNR/project/senior_project_37/opencv-4.7.0/build/CMakeFiles/CMakeTmp/CheckIncludeFile.c:1:10: fatal error: sys/videoio.h: No such file or directory
    1 | #include <sys/videoio.h>
      |          ^~~~~~~~~~~~~~~
compilation terminated.
gmake[1]: *** [CMakeFiles/cmTC_8fe7d.dir/build.make:78: CMakeFiles/cmTC_8fe7d.dir/CheckIncludeFile.c.o] Error 1
gmake[1]: Leaving directory '/home/jimmy/Documents/UNR/project/senior_project_37/opencv-4.7.0/build/CMakeFiles/CMakeTmp'
gmake: *** [Makefile:127: cmTC_8fe7d/fast] Error 2



Build output check failed:
    Regex: 'unrecognized .*option'
    Output line: 'cc1plus: note: unrecognized command-line option ‘-Wno-unused-private-field’ may have been intended to silence earlier diagnostics'
Compilation failed:
    source file: '/home/jimmy/Documents/UNR/project/senior_project_37/opencv-4.7.0/build/CMakeFiles/CMakeTmp/src.cxx'
    check option: ' -Wno-unused-private-field'
===== BUILD LOG =====
Change Dir: /home/jimmy/Documents/UNR/project/senior_project_37/opencv-4.7.0/build/CMakeFiles/CMakeTmp

Run Build Command(s):/usr/bin/gmake -f Makefile cmTC_d63cb/fast && /usr/bin/gmake  -f CMakeFiles/cmTC_d63cb.dir/build.make CMakeFiles/cmTC_d63cb.dir/build
gmake[1]: Entering directory '/home/jimmy/Documents/UNR/project/senior_project_37/opencv-4.7.0/build/CMakeFiles/CMakeTmp'
Building CXX object CMakeFiles/cmTC_d63cb.dir/src.cxx.o
/usr/bin/c++   -fsigned-char -W -Wall -Wreturn-type -Wnon-virtual-dtor -Waddress -Wsequence-point -Wformat -Wformat-security -Wmissing-declarations -Wundef -Winit-self -Wpointer-arith -Wshadow -Wsign-promo -Wuninitialized -Wsuggest-override -Wno-delete-non-virtual-dtor -Wno-comment -Wimplicit-fallthrough=3 -Wno-strict-overflow -fdiagnostics-show-option -Wno-long-long -pthread -fomit-frame-pointer -ffunction-sections -fdata-sections  -msse -msse2 -msse3 -fvisibility=hidden -fvisibility-inlines-hidden -Wno-unused-function -Wno-deprecated-declarations -Wno-overloaded-virtual  -O3 -DNDEBUG  -DNDEBUG -fPIE    -Wno-unused-private-field -std=c++11 -o CMakeFiles/cmTC_d63cb.dir/src.cxx.o -c /home/jimmy/Documents/UNR/project/senior_project_37/opencv-4.7.0/build/CMakeFiles/CMakeTmp/src.cxx
/home/jimmy/Documents/UNR/project/senior_project_37/opencv-4.7.0/build/CMakeFiles/CMakeTmp/src.cxx:1: warning: ignoring ‘#pragma  ’ [-Wunknown-pragmas]
    1 | #pragma
      | 
cc1plus: note: unrecognized command-line option ‘-Wno-unused-private-field’ may have been intended to silence earlier diagnostics
Linking CXX executable cmTC_d63cb
/usr/bin/cmake -E cmake_link_script CMakeFiles/cmTC_d63cb.dir/link.txt --verbose=1
/usr/bin/c++    -fsigned-char -W -Wall -Wreturn-type -Wnon-virtual-dtor -Waddress -Wsequence-point -Wformat -Wformat-security -Wmissing-declarations -Wundef -Winit-self -Wpointer-arith -Wshadow -Wsign-promo -Wuninitialized -Wsuggest-override -Wno-delete-non-virtual-dtor -Wno-comment -Wimplicit-fallthrough=3 -Wno-strict-overflow -fdiagnostics-show-option -Wno-long-long -pthread -fomit-frame-pointer -ffunction-sections -fdata-sections  -msse -msse2 -msse3 -fvisibility=hidden -fvisibility-inlines-hidden -Wno-unused-function -Wno-deprecated-declarations -Wno-overloaded-virtual  -O3 -DNDEBUG  -DNDEBUG   -Wl,--gc-sections -Wl,--as-needed -Wl,--no-undefined  CMakeFiles/cmTC_d63cb.dir/src.cxx.o -o cmTC_d63cb 
gmake[1]: Leaving directory '/home/jimmy/Documents/UNR/project/senior_project_37/opencv-4.7.0/build/CMakeFiles/CMakeTmp'


===== END =====

